============================= test session starts ==============================
platform linux -- Python 3.14.2, pytest-9.0.2, pluggy-1.6.0 -- /home/eric/Works/Viper/.venv/bin/python
cachedir: .pytest_cache
hypothesis profile 'default'
rootdir: /home/eric/Works/Viper
plugins: hypothesis-6.151.9, cov-7.0.0, titanoboa-0.2.8
collecting ... collected 6 items

tests/test_voting.py::test_initial_state PASSED                          [ 16%]
tests/test_voting.py::test_give_right_to_vote PASSED                     [ 33%]
tests/test_voting.py::test_voting_logic PASSED                           [ 50%]
tests/test_voting.py::test_delegation PASSED                             [ 66%]
tests/test_voting.py::test_self_delegation PASSED                        [ 83%]
tests/test_voting.py::test_delegation_loop PASSED                        [100%]

=============================== warnings summary ===============================
tests/test_voting.py: 142 warnings
  /home/eric/Works/Viper/.venv/lib64/python3.14/site-packages/cached_property.py:27: DeprecationWarning: 'asyncio.iscoroutinefunction' is deprecated and slated for removal in Python 3.16; use inspect.iscoroutinefunction() instead
    if asyncio.iscoroutinefunction(self.func):

-- Docs: https://docs.pytest.org/en/stable/how-to/capture-warnings.html
======================= 6 passed, 142 warnings in 0.49s ========================
