============================= test session starts ==============================
platform linux -- Python 3.14.2, pytest-9.0.2, pluggy-1.6.0 -- /home/eric/Works/Viper/.venv/bin/python3
cachedir: .pytest_cache
hypothesis profile 'default'
rootdir: /home/eric/Works/Viper
plugins: hypothesis-6.151.9, cov-7.0.0, titanoboa-0.2.8
collecting ... collected 6 items / 5 deselected / 1 selected

tests/test_voting.py::test_delegation_loop PASSED

=============================== warnings summary ===============================
tests/test_voting.py: 30 warnings
  /home/eric/Works/Viper/.venv/lib64/python3.14/site-packages/cached_property.py:27: DeprecationWarning: 'asyncio.iscoroutinefunction' is deprecated and slated for removal in Python 3.16; use inspect.iscoroutinefunction() instead
    if asyncio.iscoroutinefunction(self.func):

-- Docs: https://docs.pytest.org/en/stable/how-to/capture-warnings.html
================= 1 passed, 5 deselected, 30 warnings in 0.08s =================
